<?xml version="1.0" encoding="UTF-8"?>
<!-- Generated by org.testng.reporters.JUnitReportReporter -->
<testsuite hostname="LAPTOP-IQ71IME3" failures="0" tests="1" name="com.ecommerce.testcases.ElectronicMenuTest" time="0.882" errors="0" timestamp="2023-02-22T00:25:09 IST" skipped="0">
  <testcase classname="com.ecommerce.testcases.ElectronicMenuTest" name="MenuTest" time="0.882"/>
  <system-out/>
</testsuite> <!-- com.ecommerce.testcases.ElectronicMenuTest -->
